<?xml version="1.0" encoding="UTF-8"?>
<!-- Generated by org.testng.reporters.JUnitXMLReporter -->
<testsuite ignored="0" hostname="MAYUR" failures="0" tests="9" name="Regression Test Cases" time="22.64" errors="0" timestamp="2025-02-15T17:30:01 IST">
  <testcase classname="testcases.LoginPageTest" name="loginPagetitleTest" time="0.029"/>
  <testcase classname="testcases.LoginPageTest" name="loginTest" time="0.381"/>
  <testcase classname="testcases.HomePageTest" name="dropdownSelectTest" time="0.21"/>
  <testcase classname="testcases.HomePageTest" name="addToCartProductTest" time="0.126"/>
  <testcase classname="testcases.CartPageTest" name="cartPageHeaderText" time="0.116"/>
  <testcase classname="testcases.CartPageTest" name="verifyCartPageProductTest" time="0.045"/>
  <testcase classname="testcases.CartPageTest" name="verifyCheckoutPageTest" time="0.217"/>
  <testcase classname="testcases.CheckoutPageTest" name="verifyCheckoutPageTitleTest" time="0.382"/>
  <testcase classname="testcases.CheckoutPageTest" name="placeOrderTest" time="1.556"/>
</testsuite> <!-- Regression Test Cases -->
